<?xml version="1.0" encoding="UTF-8"?>
<!-- Generated by org.testng.reporters.JUnitReportReporter -->
<testsuite hostname="DESKTOP-4II7HOP" failures="0" tests="1" name="TESTNG.VeriFication" time="10.212" errors="0" timestamp="2023-03-04T13:13:54 IST" skipped="0">
  <testcase classname="TESTNG.VeriFication" name="Login" time="10.212"/>
  <system-out/>
</testsuite> <!-- TESTNG.VeriFication -->
