<?xml version="1.0" encoding="UTF-8"?>
<!-- Generated by org.testng.reporters.JUnitReportReporter -->
<testsuite hostname="DESKTOP-4II7HOP" failures="0" tests="1" name="TESTNG.script1" time="0.013" errors="0" timestamp="2023-02-27T15:45:37 IST" skipped="0">
  <testcase classname="TESTNG.script1" name="test1" time="0.013"/>
  <system-out>
    <![CDATA[executed]]>
  </system-out>
</testsuite> <!-- TESTNG.script1 -->
