<?xml version="1.0" encoding="UTF-8"?>
<!-- Generated by org.testng.reporters.JUnitReportReporter -->
<testsuite hostname="DESKTOP-4II7HOP" failures="0" tests="2" name="TESTNG.Data_provider_class" time="0.013" errors="0" timestamp="2023-03-01T12:31:00 IST" skipped="0">
  <testcase classname="TESTNG.Data_provider_class" name="getdata" time="0.010"/>
  <system-out/>
  <testcase classname="TESTNG.Data_provider_class" name="getdata" time="0.003"/>
  <system-out/>
</testsuite> <!-- TESTNG.Data_provider_class -->
