<?xml version="1.0" encoding="UTF-8"?>
<!-- Generated by org.testng.reporters.JUnitReportReporter -->
<testsuite hostname="DESKTOP-4II7HOP" failures="0" tests="2" name="TestNG_Basic_Framework.Test_Script_1" time="73.735" errors="0" timestamp="2024-01-09T16:51:44 IST" skipped="0">
  <testcase classname="TestNG_Basic_Framework.Test_Script_1" name="Register" time="32.088"/>
  <system-out/>
  <testcase classname="TestNG_Basic_Framework.Test_Script_1" name="Register" time="41.647"/>
  <system-out/>
</testsuite> <!-- TestNG_Basic_Framework.Test_Script_1 -->
