<?xml version="1.0" encoding="UTF-8"?>
<!-- Generated by org.testng.reporters.JUnitReportReporter -->
<testsuite hostname="DESKTOP-4II7HOP" failures="0" tests="1" name="ExtentReport.extentreport" time="23.774" errors="0" timestamp="2023-03-10T13:20:27 IST" skipped="0">
  <testcase classname="ExtentReport.extentreport" name="extentreport" time="23.774"/>
  <system-out/>
</testsuite> <!-- ExtentReport.extentreport -->
