<?xml version="1.0" encoding="UTF-8"?>
<!-- Generated by org.testng.reporters.JUnitReportReporter -->
<testsuite hostname="DESKTOP-4II7HOP" failures="0" tests="1" name="POModel.TestScript" time="10.793" errors="0" timestamp="2023-03-07T12:11:38 IST" skipped="0">
  <testcase classname="POModel.TestScript" name="Script" time="10.793"/>
  <system-out/>
</testsuite> <!-- POModel.TestScript -->
