<?xml version="1.0" encoding="UTF-8"?>
<!-- Generated by org.testng.reporters.JUnitReportReporter -->
<testsuite hostname="DESKTOP-4II7HOP" failures="0" tests="1" name="Basic_Framework_TESTNg.Test_Scripts1" time="20.110" errors="0" timestamp="2023-03-04T14:56:53 IST" skipped="0">
  <testcase classname="Basic_Framework_TESTNg.Test_Scripts1" name="Login" time="20.110"/>
  <system-out/>
</testsuite> <!-- Basic_Framework_TESTNg.Test_Scripts1 -->
