<?xml version="1.0" encoding="UTF-8"?>
<!-- Generated by org.testng.reporters.JUnitReportReporter -->
<testsuite hostname="DESKTOP-4II7HOP" failures="0" tests="2" name="Parameterization.achieving_parameterization_xml_file" time="176.381" errors="0" timestamp="2023-04-02T12:55:44 IST" skipped="0">
  <testcase classname="Parameterization.achieving_parameterization_xml_file" name="Testscript" time="87.219"/>
  <system-out/>
  <testcase classname="Parameterization.achieving_parameterization_xml_file" name="Testscript" time="89.162"/>
  <system-out/>
</testsuite> <!-- Parameterization.achieving_parameterization_xml_file -->
