<?xml version="1.0" encoding="UTF-8"?>
<!-- Generated by org.testng.reporters.JUnitReportReporter -->
<testsuite hostname="DESKTOP-4II7HOP" failures="0" tests="1" name="POModel.TestScript_DemowebShopRegister" time="34.962" errors="0" timestamp="2023-03-07T13:14:11 IST" skipped="0">
  <testcase classname="POModel.TestScript_DemowebShopRegister" name="Register" time="34.962"/>
  <system-out/>
</testsuite> <!-- POModel.TestScript_DemowebShopRegister -->
