<?xml version="1.0" encoding="UTF-8"?>
<!-- Generated by org.testng.reporters.JUnitReportReporter -->
<testsuite hostname="DESKTOP-4II7HOP" failures="0" tests="2" name="TESTNG.Get_data" time="0.009" errors="0" timestamp="2023-03-01T12:47:17 IST" skipped="0">
  <testcase classname="TESTNG.Get_data" name="getdata" time="0.007"/>
  <system-out/>
  <testcase classname="TESTNG.Get_data" name="getdata" time="0.002"/>
  <system-out/>
</testsuite> <!-- TESTNG.Get_data -->
