<?xml version="1.0" encoding="UTF-8"?>
<!-- Generated by org.testng.reporters.JUnitReportReporter -->
<testsuite hostname="DESKTOP-4II7HOP" failures="0" tests="2" name="Testng_data.Getdata" time="0.016" errors="0" timestamp="2023-03-01T12:55:23 IST" skipped="0">
  <testcase classname="Testng_data.Getdata" name="getdata" time="0.012"/>
  <system-out/>
  <testcase classname="Testng_data.Getdata" name="getdata" time="0.004"/>
  <system-out/>
</testsuite> <!-- Testng_data.Getdata -->
