<?xml version="1.0" encoding="UTF-8"?>
<!-- Generated by org.testng.reporters.JUnitReportReporter -->
<testsuite hostname="DESKTOP-4II7HOP" failures="0" tests="2" name="TESTNG.Parametersclass" time="42.904" errors="0" timestamp="2023-03-04T12:44:00 IST" skipped="0">
  <testcase classname="TESTNG.Parametersclass" name="openapp" time="26.171"/>
  <system-out/>
  <testcase classname="TESTNG.Parametersclass" name="openapp" time="16.733"/>
  <system-out/>
</testsuite> <!-- TESTNG.Parametersclass -->
