<?xml version="1.0" encoding="UTF-8"?>
<!-- Generated by org.testng.reporters.JUnitReportReporter -->
<testsuite hostname="DESKTOP-4II7HOP" failures="0" tests="1" name="JDBC.jdbc_connection" time="0.664" errors="0" timestamp="2023-03-31T16:07:44 IST" skipped="0">
  <testcase classname="JDBC.jdbc_connection" name="testscripts" time="0.664"/>
  <system-out/>
</testsuite> <!-- JDBC.jdbc_connection -->
