<?xml version="1.0" encoding="UTF-8"?>
<!-- Generated by org.testng.reporters.JUnitReportReporter -->
<testsuite hostname="DESKTOP-4II7HOP" failures="0" tests="1" name="TESTNG.script2" time="0.002" errors="0" timestamp="2023-02-27T15:45:37 IST" skipped="0">
  <testcase classname="TESTNG.script2" name="test2" time="0.002"/>
  <system-out/>
</testsuite> <!-- TESTNG.script2 -->
