<?xml version="1.0" encoding="UTF-8"?>
<!-- Generated by org.testng.reporters.JUnitReportReporter -->
<testsuite hostname="DESKTOP-4II7HOP" failures="0" tests="1" name="BasicHybridFrameWork.Test_Script_amazon" time="8.139" errors="0" timestamp="2023-03-09T21:37:19 IST" skipped="0">
  <testcase classname="BasicHybridFrameWork.Test_Script_amazon" name="testscript" time="8.139"/>
  <system-out/>
</testsuite> <!-- BasicHybridFrameWork.Test_Script_amazon -->
